<?xml version="1.0" encoding="UTF-8" ?>
<testsuites>
  <testsuite errors="0" failures="0" hostname="asus-u32u" id="0" name="PersonControllerIntegrationTests" package="findercontact" tests="1" time="0.296" timestamp="2013-05-14T09:32:48">
      <properties />

      <testcase classname="findercontact.PersonControllerIntegrationTests" name="testFind" time="0.294" />

      <system-out><![CDATA[--Output from testFind--
Hibernate: select this_.person_id as person1_57_0_, this_.version as version57_0_, this_.age as age57_0_, this_.height as height57_0_, this_.name as name57_0_, this_.sex as sex57_0_ from Persons this_
Hibernate: insert into Persons (person_id, version, age, height, name, sex) values (null, ?, ?, ?, ?, ?)
Hibernate: insert into Persons (person_id, version, age, height, name, sex) values (null, ?, ?, ?, ?, ?)
Hibernate: insert into Persons (person_id, version, age, height, name, sex) values (null, ?, ?, ?, ?, ?)
Hibernate: insert into Persons (person_id, version, age, height, name, sex) values (null, ?, ?, ?, ?, ?)
Hibernate: insert into Persons (person_id, version, age, height, name, sex) values (null, ?, ?, ?, ?, ?)
Hibernate: delete from Persons where person_id=? and version=?
Hibernate: delete from Persons where person_id=? and version=?
Hibernate: delete from Persons where person_id=? and version=?
Hibernate: delete from Persons where person_id=? and version=?
Hibernate: delete from Persons where person_id=? and version=?
Hibernate: select this_.person_id as person1_57_0_, this_.version as version57_0_, this_.age as age57_0_, this_.height as height57_0_, this_.name as name57_0_, this_.sex as sex57_0_ from Persons this_ where this_.sex=?
2013-05-14 11:32:48,871 [Thread-42] INFO  findercontact.PersonService  - -----------------SERVICE 1---------------------------

2013-05-14 11:32:48,871 [Thread-42] INFO  findercontact.PersonService  - 4

2013-05-14 11:32:48,872 [Thread-42] INFO  findercontact.PersonService  - Person [name=Adolfo, age=35, height=1.7, sex=M]

2013-05-14 11:32:48,872 [Thread-42] INFO  findercontact.PersonService  - Person [name=Andres, age=25, height=1.6, sex=M]

2013-05-14 11:32:48,873 [Thread-42] INFO  findercontact.PersonService  - Person [name=Javier, age=30, height=1.51, sex=M]

2013-05-14 11:32:48,873 [Thread-42] INFO  findercontact.PersonService  - Person [name=Julio, age=40, height=1.69, sex=M]

2013-05-14 11:32:48,873 [Thread-42] INFO  findercontact.PersonService  - -----------------SERVICE 2---------------------------

2013-05-14 11:32:48,873 [Thread-42] INFO  findercontact.PersonService  - class fidercontactrules.Rules

2013-05-14 11:32:48,873 [Thread-42] INFO  findercontact.PersonService  - deltaAge=5

2013-05-14 11:32:48,874 [Thread-42] INFO  findercontact.PersonService  - deltaHeight=0.1

2013-05-14 11:32:48,874 [Thread-42] INFO  findercontact.PersonService  - p=Person [name=Teresa, age=35, height=1.6, sex=W]

2013-05-14 11:32:48,874 [Thread-42] INFO  findercontact.PersonService  - -----------------SERVICE 3---------------------------

2013-05-14 11:32:48,874 [Thread-42] INFO  findercontact.PersonService  - Person [name=Adolfo, age=35, height=1.7, sex=M] -> false

2013-05-14 11:32:48,875 [Thread-42] INFO  findercontact.PersonService  - Person [name=Andres, age=25, height=1.6, sex=M] -> false

2013-05-14 11:32:48,876 [Thread-42] INFO  findercontact.PersonService  - Person [name=Javier, age=30, height=1.51, sex=M] -> true

2013-05-14 11:32:48,876 [Thread-42] INFO  findercontact.PersonService  - Person [name=Julio, age=40, height=1.69, sex=M] -> true

2013-05-14 11:32:48,876 [Thread-42] INFO  findercontact.PersonService  - -----------------SERVICE 4---------------------------

2013-05-14 11:32:48,877 [Thread-42] INFO  findercontact.PersonService  - 2

2013-05-14 11:32:48,878 [Thread-42] INFO  findercontact.PersonService  - Person [name=Javier, age=30, height=1.51, sex=M]

2013-05-14 11:32:48,878 [Thread-42] INFO  findercontact.PersonService  - Person [name=Julio, age=40, height=1.69, sex=M]

2013-05-14 11:32:48,879 [Thread-42] INFO  findercontact.PersonController  - -----------------CONTROLLER-----------------------------------

2013-05-14 11:32:48,879 [Thread-42] INFO  findercontact.PersonController  - 2

2013-05-14 11:32:48,879 [Thread-42] INFO  findercontact.PersonController  - Person [name=Javier, age=30, height=1.51, sex=M]

2013-05-14 11:32:48,880 [Thread-42] INFO  findercontact.PersonController  - Person [name=Julio, age=40, height=1.69, sex=M]

]]></system-out>

      <system-err><![CDATA[--Output from testFind--
]]></system-err>

  </testsuite>
  <testsuite errors="0" failures="0" hostname="asus-u32u" id="1" name="PersonIntegrationTests" package="findercontact" tests="1" time="0.35" timestamp="2013-05-14T09:32:48">
      <properties />

      <testcase classname="findercontact.PersonIntegrationTests" name="testSave" time="0.344" />

      <system-out><![CDATA[--Output from testSave--
Hibernate: select count(*) as y0_ from Persons this_
Hibernate: insert into Persons (person_id, version, age, height, name, sex) values (null, ?, ?, ?, ?, ?)
Hibernate: select count(*) as y0_ from Persons this_
Hibernate: select count(*) as y0_ from Persons this_
Hibernate: select count(*) as y0_ from Persons this_
]]></system-out>

      <system-err><![CDATA[--Output from testSave--
]]></system-err>

  </testsuite>
  <testsuite errors="0" failures="0" hostname="asus-u32u" id="2" name="PersonServiceIntegrationTests" package="findercontact" tests="1" time="1.036" timestamp="2013-05-14T09:32:47">
      <properties />

      <testcase classname="findercontact.PersonServiceIntegrationTests" name="testFindContacts" time="1.029" />

      <system-out><![CDATA[--Output from testFindContacts--
Hibernate: select this_.person_id as person1_57_0_, this_.version as version57_0_, this_.age as age57_0_, this_.height as height57_0_, this_.name as name57_0_, this_.sex as sex57_0_ from Persons this_
Hibernate: insert into Persons (person_id, version, age, height, name, sex) values (null, ?, ?, ?, ?, ?)
Hibernate: insert into Persons (person_id, version, age, height, name, sex) values (null, ?, ?, ?, ?, ?)
Hibernate: insert into Persons (person_id, version, age, height, name, sex) values (null, ?, ?, ?, ?, ?)
Hibernate: insert into Persons (person_id, version, age, height, name, sex) values (null, ?, ?, ?, ?, ?)
Hibernate: insert into Persons (person_id, version, age, height, name, sex) values (null, ?, ?, ?, ?, ?)
Reloading: JVMPlugin: warning: unable to clear BEANINFO_CACHE, cant find field
Reloading: JVMPlugin: warning: unable to clear BEANINFO_CACHE, cant find field
Reloading: JVMPlugin: warning: unable to clear BEANINFO_CACHE, cant find field
Hibernate: delete from Persons where person_id=? and version=?
Hibernate: delete from Persons where person_id=? and version=?
Hibernate: delete from Persons where person_id=? and version=?
Hibernate: delete from Persons where person_id=? and version=?
Hibernate: delete from Persons where person_id=? and version=?
Hibernate: select this_.person_id as person1_57_0_, this_.version as version57_0_, this_.age as age57_0_, this_.height as height57_0_, this_.name as name57_0_, this_.sex as sex57_0_ from Persons this_ where this_.sex=?
Reloading: JVMPlugin: warning: unable to clear BEANINFO_CACHE, cant find field
2013-05-14 11:32:48,075 [Thread-42] INFO  findercontact.PersonService  - -----------------SERVICE 1---------------------------

2013-05-14 11:32:48,075 [Thread-42] INFO  findercontact.PersonService  - 4

2013-05-14 11:32:48,076 [Thread-42] INFO  findercontact.PersonService  - Person [name=Adolfo, age=35, height=1.7, sex=M]

2013-05-14 11:32:48,076 [Thread-42] INFO  findercontact.PersonService  - Person [name=Andres, age=25, height=1.6, sex=M]

2013-05-14 11:32:48,077 [Thread-42] INFO  findercontact.PersonService  - Person [name=Javier, age=30, height=1.51, sex=M]

2013-05-14 11:32:48,077 [Thread-42] INFO  findercontact.PersonService  - Person [name=Julio, age=40, height=1.69, sex=M]

2013-05-14 11:32:48,077 [Thread-42] INFO  findercontact.PersonService  - -----------------SERVICE 2---------------------------

2013-05-14 11:32:48,077 [Thread-42] INFO  findercontact.PersonService  - class fidercontactrules.Rules

2013-05-14 11:32:48,078 [Thread-42] INFO  findercontact.PersonService  - deltaAge=5

2013-05-14 11:32:48,078 [Thread-42] INFO  findercontact.PersonService  - deltaHeight=0.1

2013-05-14 11:32:48,078 [Thread-42] INFO  findercontact.PersonService  - p=Person [name=Teresa, age=35, height=1.6, sex=W]

2013-05-14 11:32:48,078 [Thread-42] INFO  findercontact.PersonService  - -----------------SERVICE 3---------------------------

2013-05-14 11:32:48,079 [Thread-42] INFO  findercontact.PersonService  - Person [name=Adolfo, age=35, height=1.7, sex=M] -> false

2013-05-14 11:32:48,079 [Thread-42] INFO  findercontact.PersonService  - Person [name=Andres, age=25, height=1.6, sex=M] -> false

Reloading: JVMPlugin: warning: unable to clear BEANINFO_CACHE, cant find field
2013-05-14 11:32:48,108 [Thread-42] INFO  findercontact.PersonService  - Person [name=Javier, age=30, height=1.51, sex=M] -> true

2013-05-14 11:32:48,109 [Thread-42] INFO  findercontact.PersonService  - Person [name=Julio, age=40, height=1.69, sex=M] -> true

2013-05-14 11:32:48,109 [Thread-42] INFO  findercontact.PersonService  - -----------------SERVICE 4---------------------------

2013-05-14 11:32:48,110 [Thread-42] INFO  findercontact.PersonService  - 2

2013-05-14 11:32:48,111 [Thread-42] INFO  findercontact.PersonService  - Person [name=Javier, age=30, height=1.51, sex=M]

2013-05-14 11:32:48,111 [Thread-42] INFO  findercontact.PersonService  - Person [name=Julio, age=40, height=1.69, sex=M]

Reloading: JVMPlugin: warning: unable to clear BEANINFO_CACHE, cant find field
Reloading: JVMPlugin: warning: unable to clear BEANINFO_CACHE, cant find field
Reloading: JVMPlugin: warning: unable to clear BEANINFO_CACHE, cant find field
]]></system-out>

      <system-err><![CDATA[--Output from testFindContacts--
Unexpected problem clearing ThreadGroupContext beaninfo: 
java.lang.ClassCastException: java.beans.WeakIdentityMap cannot be cast to java.util.Map
	at org.springsource.loaded.agent.JVMPlugin.reloadEvent(JVMPlugin.java:77)
	at org.springsource.loaded.TypeRegistry.fireReloadEvent(TypeRegistry.java:1594)
	at org.springsource.loaded.ReloadableType.loadNewVersion(ReloadableType.java:396)
	at org.springsource.loaded.TypeRegistry.loadNewVersion(TypeRegistry.java:805)
	at org.springsource.loaded.agent.ReloadableFileChangeListener.fileChanged(ReloadableFileChangeListener.java:51)
	at org.springsource.loaded.agent.Watcher.determineChangesSince(FileSystemWatcher.java:218)
	at org.springsource.loaded.agent.Watcher.run(FileSystemWatcher.java:205)
	at java.lang.Thread.run(Thread.java:722)
Unexpected problem clearing ThreadGroupContext beaninfo: 
Unexpected problem clearing ThreadGroupContext beaninfo: 
java.lang.ClassCastException: java.beans.WeakIdentityMap cannot be cast to java.util.Map
	at org.springsource.loaded.agent.JVMPlugin.reloadEvent(JVMPlugin.java:77)
	at org.springsource.loaded.TypeRegistry.fireReloadEvent(TypeRegistry.java:1594)
	at org.springsource.loaded.ReloadableType.loadNewVersion(ReloadableType.java:396)
	at org.springsource.loaded.TypeRegistry.loadNewVersion(TypeRegistry.java:805)
	at org.springsource.loaded.agent.ReloadableFileChangeListener.fileChanged(ReloadableFileChangeListener.java:51)
	at org.springsource.loaded.agent.Watcher.determineChangesSince(FileSystemWatcher.java:218)
	at org.springsource.loaded.agent.Watcher.run(FileSystemWatcher.java:205)
	at java.lang.Thread.run(Thread.java:722)
java.lang.ClassCastException: java.beans.WeakIdentityMap cannot be cast to java.util.Map
	at org.springsource.loaded.agent.JVMPlugin.reloadEvent(JVMPlugin.java:77)
	at org.springsource.loaded.TypeRegistry.fireReloadEvent(TypeRegistry.java:1594)
	at org.springsource.loaded.ReloadableType.loadNewVersion(ReloadableType.java:396)
	at org.springsource.loaded.TypeRegistry.loadNewVersion(TypeRegistry.java:805)
	at org.springsource.loaded.agent.ReloadableFileChangeListener.fileChanged(ReloadableFileChangeListener.java:51)
	at org.springsource.loaded.agent.Watcher.determineChangesSince(FileSystemWatcher.java:218)
	at org.springsource.loaded.agent.Watcher.run(FileSystemWatcher.java:205)
	at java.lang.Thread.run(Thread.java:722)
Unexpected problem clearing ThreadGroupContext beaninfo: 
java.lang.ClassCastException: java.beans.WeakIdentityMap cannot be cast to java.util.Map
	at org.springsource.loaded.agent.JVMPlugin.reloadEvent(JVMPlugin.java:77)
	at org.springsource.loaded.TypeRegistry.fireReloadEvent(TypeRegistry.java:1594)
	at org.springsource.loaded.ReloadableType.loadNewVersion(ReloadableType.java:396)
	at org.springsource.loaded.TypeRegistry.loadNewVersion(TypeRegistry.java:805)
	at org.springsource.loaded.agent.ReloadableFileChangeListener.fileChanged(ReloadableFileChangeListener.java:51)
	at org.springsource.loaded.agent.Watcher.determineChangesSince(FileSystemWatcher.java:218)
	at org.springsource.loaded.agent.Watcher.run(FileSystemWatcher.java:205)
	at java.lang.Thread.run(Thread.java:722)
Unexpected problem clearing ThreadGroupContext beaninfo: 
java.lang.ClassCastException: java.beans.WeakIdentityMap cannot be cast to java.util.Map
	at org.springsource.loaded.agent.JVMPlugin.reloadEvent(JVMPlugin.java:77)
	at org.springsource.loaded.TypeRegistry.fireReloadEvent(TypeRegistry.java:1594)
	at org.springsource.loaded.ReloadableType.loadNewVersion(ReloadableType.java:396)
	at org.springsource.loaded.TypeRegistry.loadNewVersion(TypeRegistry.java:805)
	at org.springsource.loaded.agent.ReloadableFileChangeListener.fileChanged(ReloadableFileChangeListener.java:51)
	at org.springsource.loaded.agent.Watcher.determineChangesSince(FileSystemWatcher.java:218)
	at org.springsource.loaded.agent.Watcher.run(FileSystemWatcher.java:205)
	at java.lang.Thread.run(Thread.java:722)
Unexpected problem clearing ThreadGroupContext beaninfo: 
java.lang.ClassCastException: java.beans.WeakIdentityMap cannot be cast to java.util.Map
	at org.springsource.loaded.agent.JVMPlugin.reloadEvent(JVMPlugin.java:77)
	at org.springsource.loaded.TypeRegistry.fireReloadEvent(TypeRegistry.java:1594)
	at org.springsource.loaded.ReloadableType.loadNewVersion(ReloadableType.java:396)
	at org.springsource.loaded.TypeRegistry.loadNewVersion(TypeRegistry.java:805)
	at org.springsource.loaded.agent.ReloadableFileChangeListener.fileChanged(ReloadableFileChangeListener.java:51)
	at org.springsource.loaded.agent.Watcher.determineChangesSince(FileSystemWatcher.java:218)
	at org.springsource.loaded.agent.Watcher.run(FileSystemWatcher.java:205)
	at java.lang.Thread.run(Thread.java:722)
Unexpected problem clearing ThreadGroupContext beaninfo: 
java.lang.ClassCastException: java.beans.WeakIdentityMap cannot be cast to java.util.Map
	at org.springsource.loaded.agent.JVMPlugin.reloadEvent(JVMPlugin.java:77)
	at org.springsource.loaded.TypeRegistry.fireReloadEvent(TypeRegistry.java:1594)
	at org.springsource.loaded.ReloadableType.loadNewVersion(ReloadableType.java:396)
	at org.springsource.loaded.TypeRegistry.loadNewVersion(TypeRegistry.java:805)
	at org.springsource.loaded.agent.ReloadableFileChangeListener.fileChanged(ReloadableFileChangeListener.java:51)
	at org.springsource.loaded.agent.Watcher.determineChangesSince(FileSystemWatcher.java:218)
	at org.springsource.loaded.agent.Watcher.run(FileSystemWatcher.java:205)
	at java.lang.Thread.run(Thread.java:722)
Unexpected problem clearing ThreadGroupContext beaninfo: 
java.lang.ClassCastException: java.beans.WeakIdentityMap cannot be cast to java.util.Map
	at org.springsource.loaded.agent.JVMPlugin.reloadEvent(JVMPlugin.java:77)
	at org.springsource.loaded.TypeRegistry.fireReloadEvent(TypeRegistry.java:1594)
	at org.springsource.loaded.ReloadableType.loadNewVersion(ReloadableType.java:396)
	at org.springsource.loaded.TypeRegistry.loadNewVersion(TypeRegistry.java:805)
	at org.springsource.loaded.agent.ReloadableFileChangeListener.fileChanged(ReloadableFileChangeListener.java:51)
	at org.springsource.loaded.agent.Watcher.determineChangesSince(FileSystemWatcher.java:218)
	at org.springsource.loaded.agent.Watcher.run(FileSystemWatcher.java:205)
	at java.lang.Thread.run(Thread.java:722)
]]></system-err>

  </testsuite>
  <testsuite errors="0" failures="0" hostname="asus-u32u" id="3" name="PersonControllerTests" package="findercontact" tests="1" time="1.445" timestamp="2013-05-14T09:32:30">
      <properties />

      <testcase classname="findercontact.PersonControllerTests" name="testFind" time="1.188" />

      <system-out><![CDATA[--Output from testFind--
2013-05-14 11:32:31,455 [Thread-42] INFO  findercontact.PersonService  - -----------------SERVICE 1---------------------------

2013-05-14 11:32:31,456 [Thread-42] INFO  findercontact.PersonService  - 4

2013-05-14 11:32:31,456 [Thread-42] INFO  findercontact.PersonService  - Person [name=Adolfo, age=35, height=1.7, sex=M]

2013-05-14 11:32:31,457 [Thread-42] INFO  findercontact.PersonService  - Person [name=Andres, age=25, height=1.6, sex=M]

2013-05-14 11:32:31,457 [Thread-42] INFO  findercontact.PersonService  - Person [name=Javier, age=30, height=1.51, sex=M]

2013-05-14 11:32:31,457 [Thread-42] INFO  findercontact.PersonService  - Person [name=Julio, age=40, height=1.69, sex=M]

2013-05-14 11:32:31,457 [Thread-42] INFO  findercontact.PersonService  - -----------------SERVICE 2---------------------------

2013-05-14 11:32:31,458 [Thread-42] INFO  findercontact.PersonService  - class fidercontactrules.Rules

2013-05-14 11:32:31,458 [Thread-42] INFO  findercontact.PersonService  - deltaAge=5

2013-05-14 11:32:31,458 [Thread-42] INFO  findercontact.PersonService  - deltaHeight=0.1

2013-05-14 11:32:31,458 [Thread-42] INFO  findercontact.PersonService  - p=Person [name=Teresa, age=35, height=1.6, sex=W]

2013-05-14 11:32:31,458 [Thread-42] INFO  findercontact.PersonService  - -----------------SERVICE 3---------------------------

2013-05-14 11:32:31,459 [Thread-42] INFO  findercontact.PersonService  - Person [name=Adolfo, age=35, height=1.7, sex=M] -> false

2013-05-14 11:32:31,459 [Thread-42] INFO  findercontact.PersonService  - Person [name=Andres, age=25, height=1.6, sex=M] -> false

2013-05-14 11:32:31,464 [Thread-42] INFO  findercontact.PersonService  - Person [name=Javier, age=30, height=1.51, sex=M] -> true

2013-05-14 11:32:31,465 [Thread-42] INFO  findercontact.PersonService  - Person [name=Julio, age=40, height=1.69, sex=M] -> true

2013-05-14 11:32:31,465 [Thread-42] INFO  findercontact.PersonService  - -----------------SERVICE 4---------------------------

2013-05-14 11:32:31,466 [Thread-42] INFO  findercontact.PersonService  - 2

2013-05-14 11:32:31,467 [Thread-42] INFO  findercontact.PersonService  - Person [name=Javier, age=30, height=1.51, sex=M]

2013-05-14 11:32:31,467 [Thread-42] INFO  findercontact.PersonService  - Person [name=Julio, age=40, height=1.69, sex=M]

2013-05-14 11:32:31,467 [Thread-42] INFO  findercontact.PersonController  - -----------------CONTROLLER-----------------------------------

2013-05-14 11:32:31,467 [Thread-42] INFO  findercontact.PersonController  - 2

2013-05-14 11:32:31,468 [Thread-42] INFO  findercontact.PersonController  - Person [name=Javier, age=30, height=1.51, sex=M]

2013-05-14 11:32:31,468 [Thread-42] INFO  findercontact.PersonController  - Person [name=Julio, age=40, height=1.69, sex=M]

]]></system-out>

      <system-err><![CDATA[--Output from testFind--
]]></system-err>

  </testsuite>
  <testsuite errors="0" failures="0" hostname="asus-u32u" id="4" name="PersonServiceTests" package="findercontact" tests="1" time="1.207" timestamp="2013-05-14T09:32:29">
      <properties />

      <testcase classname="findercontact.PersonServiceTests" name="testFindContacts" time="0.758" />

      <system-out><![CDATA[--Output from testFindContacts--
2013-05-14 11:32:29,857 [Thread-42] INFO  findercontact.PersonService  - -----------------SERVICE 1---------------------------

2013-05-14 11:32:29,857 [Thread-42] INFO  findercontact.PersonService  - 4

2013-05-14 11:32:29,858 [Thread-42] INFO  findercontact.PersonService  - Person [name=Adolfo, age=35, height=1.7, sex=M]

2013-05-14 11:32:29,858 [Thread-42] INFO  findercontact.PersonService  - Person [name=Andres, age=25, height=1.6, sex=M]

2013-05-14 11:32:29,859 [Thread-42] INFO  findercontact.PersonService  - Person [name=Javier, age=30, height=1.51, sex=M]

2013-05-14 11:32:29,859 [Thread-42] INFO  findercontact.PersonService  - Person [name=Julio, age=40, height=1.69, sex=M]

2013-05-14 11:32:29,859 [Thread-42] INFO  findercontact.PersonService  - -----------------SERVICE 2---------------------------

2013-05-14 11:32:29,859 [Thread-42] INFO  findercontact.PersonService  - class fidercontactrules.Rules

2013-05-14 11:32:29,859 [Thread-42] INFO  findercontact.PersonService  - deltaAge=5

2013-05-14 11:32:29,860 [Thread-42] INFO  findercontact.PersonService  - deltaHeight=0.1

2013-05-14 11:32:29,860 [Thread-42] INFO  findercontact.PersonService  - p=Person [name=Teresa, age=35, height=1.6, sex=W]

2013-05-14 11:32:29,860 [Thread-42] INFO  findercontact.PersonService  - -----------------SERVICE 3---------------------------

2013-05-14 11:32:29,861 [Thread-42] INFO  findercontact.PersonService  - Person [name=Adolfo, age=35, height=1.7, sex=M] -> false

2013-05-14 11:32:29,861 [Thread-42] INFO  findercontact.PersonService  - Person [name=Andres, age=25, height=1.6, sex=M] -> false

2013-05-14 11:32:29,862 [Thread-42] INFO  findercontact.PersonService  - Person [name=Javier, age=30, height=1.51, sex=M] -> true

2013-05-14 11:32:29,862 [Thread-42] INFO  findercontact.PersonService  - Person [name=Julio, age=40, height=1.69, sex=M] -> true

2013-05-14 11:32:29,862 [Thread-42] INFO  findercontact.PersonService  - -----------------SERVICE 4---------------------------

2013-05-14 11:32:29,864 [Thread-42] INFO  findercontact.PersonService  - 2

2013-05-14 11:32:29,864 [Thread-42] INFO  findercontact.PersonService  - Person [name=Javier, age=30, height=1.51, sex=M]

2013-05-14 11:32:29,865 [Thread-42] INFO  findercontact.PersonService  - Person [name=Julio, age=40, height=1.69, sex=M]

]]></system-out>

      <system-err><![CDATA[--Output from testFindContacts--
]]></system-err>

  </testsuite>
  <testsuite errors="0" failures="0" hostname="asus-u32u" id="5" name="PersonTests" package="findercontact" tests="1" time="0.272" timestamp="2013-05-14T09:32:31">
      <properties />

      <testcase classname="findercontact.PersonTests" name="testValidate" time="0.269" />

      <system-out><![CDATA[--Output from testValidate--
]]></system-out>

      <system-err><![CDATA[--Output from testValidate--
]]></system-err>

  </testsuite>
</testsuites>
